


--------------------------------------------------------
-
-           C:\Programas\Aripres4\Procesados\Que\1245.c17
-
-
Error: 
00000,13,21,40,20,0000,0000,12345
-2147352571 - Los tipos no coinciden.
Error: 
00000,01,01,40,20,0000,0000,12345
-2147352571 - Los tipos no coinciden.
Error: 
00000,01,11,40,20,0000,0000,12345
-2147352571 - Los tipos no coinciden.
Error: 
00000,08,41,40,20,0000,0000,12345
-2147352571 - Los tipos no coinciden.
Se ha producido un error mientras se procesaba el fichero de marcajes.
 RUTA: C:\Programas\Aripres4\Procesados\Que\1245.c17
 ERROR: 
      Número: 13
      Descripción: No coinciden los tipos



          Fin fichero: C:\Programas\Aripres4\Procesados\Que\1245.c17
  ---------------------------------






--------------------------------------------------------
-
-           C:\Programas\Aripres4\Procesados\Que\HU20140203085551T01.txt
-
-
Error: 
00000,36,01,40,20,0000,0000,12345
-2147352571 - Los tipos no coinciden.
Error: 
00000,04,61,40,20,0000,0000,12345
-2147352571 - Los tipos no coinciden.
Error: 
00000,35,41,40,20,0000,0000,12345
-2147352571 - Los tipos no coinciden.
Error: 
00000,38,91,40,20,0000,0000,12345
-2147352571 - Los tipos no coinciden.
Error: 
00000,35,21,40,20,0000,0000,12345
-2147352571 - Los tipos no coinciden.
Error: 
00000,39,71,40,20,0000,0000,12345
-2147352571 - Los tipos no coinciden.
Error: 
00000,42,41,40,20,0000,0000,12345
-2147352571 - Los tipos no coinciden.
Error: 
00000,42,31,40,20,0000,0000,12345
-2147352571 - Los tipos no coinciden.
Se ha producido un error mientras se procesaba el fichero de marcajes.
 RUTA: C:\Programas\Aripres4\Procesados\Que\HU20140203085551T01.txt
 ERROR: 
      Número: 13
      Descripción: No coinciden los tipos



          Fin fichero: C:\Programas\Aripres4\Procesados\Que\HU20140203085551T01.txt
  ---------------------------------



