


--------------------------------------------------------
-
-           C:\Programas\Aripres4\Procesados\Que\1245.c17
-
-
Error: 
00000,13,21,40,20,0000,0000,12345
-2147352571 - Los tipos no coinciden.
Error: 
00000,01,01,40,20,0000,0000,12345
-2147352571 - Los tipos no coinciden.
Error: 
00000,01,11,40,20,0000,0000,12345
-2147352571 - Los tipos no coinciden.
Error: 
00000,08,41,40,20,0000,0000,12345
-2147352571 - Los tipos no coinciden.
Se ha producido un error mientras se procesaba el fichero de marcajes.
 RUTA: C:\Programas\Aripres4\Procesados\Que\1245.c17
 ERROR: 
      Número: 13
      Descripción: No coinciden los tipos
