Error: 
00063,01,08,19,05,0000,0000,03417
-2147352571 - Tipo incorrecto.
Error: 
00063,01,08,19,06,0000,0000,03673
0 - 
Error: 
00063,01,08,19,06,0000,0000,03673
-2147352571 - Tipo incorrecto.
Error: 
00085,01,08,19,07,0000,0000,03951
-2147352571 - Tipo incorrecto.
Error: 
00091,01,08,19,07,0000,0000,03957
-2147352571 - Tipo incorrecto.
Error: 
00059,01,08,19,08,0000,0000,04181
-2147352571 - Tipo incorrecto.
Error: 
00086,01,08,19,09,0000,0000,04464
-2147352571 - Tipo incorrecto.
Error: 
00093,01,08,19,10,0000,0000,06263
-2147352571 - Tipo incorrecto.
Error: 
00012,01,08,19,10,0000,0000,06182
-2147352571 - Tipo incorrecto.
Error: 
00001,01,08,19,10,0000,0000,06171
-2147352571 - Tipo incorrecto.
Error: 
00055,01,08,19,34,0000,0000,15441
-2147352571 - Tipo incorrecto.
Error: 
00087,01,08,20,31,0000,0000,14712
-2147352571 - Tipo incorrecto.
Error: 
00038,01,08,20,31,0000,0000,14663
-2147352571 - Tipo incorrecto.
Error: 
00012,01,09,07,54,0000,0000,23828
-2147352571 - Tipo incorrecto.
Error: 
00055,01,09,07,55,0000,0000,24127
-2147352571 - Tipo incorrecto.
Error: 
00093,01,09,07,59,0000,0000,25189
-2147352571 - Tipo incorrecto.
Error: 
00029,01,09,07,59,0000,0000,25125
-2147352571 - Tipo incorrecto.
Error: 
00059,01,09,08,02,0000,0000,02884
-2147352571 - Tipo incorrecto.
Error: 
00001,01,09,08,07,0000,0000,04106
-2147352571 - Tipo incorrecto.
Error: 
00091,01,09,08,09,0000,0000,04708
-2147352571 - Tipo incorrecto.
Error: 
00085,01,09,08,09,0000,0000,04702
-2147352571 - Tipo incorrecto.
Error: 
00086,01,09,08,14,0000,0000,07519
-2147352571 - Tipo incorrecto.
Error: 
00038,01,09,09,00,0000,0000,02352
-2147352571 - Tipo incorrecto.
Error: 
00087,01,09,09,22,0000,0000,11105
-2147352571 - Tipo incorrecto.
